# JRE version: OpenJDK Runtime Environment (21.0.1+12) (build 21.0.1+12-29)
# Java VM: OpenJDK 64-Bit Server VM (21.0.1+12-29, mixed mode, sharing, tiered, compressed oops, compressed class ptrs, g1 gc, windows-amd64)
GC Precious Log:
 CardTable entry size: 512
 Card Set container configuration: InlinePtr #cards 4 size 8 Array Of Cards #cards 16 size 48 Howl #buckets 8 coarsen threshold 3686 Howl Bitmap #cards 512 size 80 coarsen threshold 460 Card regions per heap region 1 cards per card region 4096
 CPUs: 12 total, 12 available
 Memory: 16163M
 Large Page Support: Disabled
 NUMA Support: Disabled
 Compressed Oops: Enabled (Zero based)
 Heap Region Size: 2M
 Heap Min Capacity: 8M
 Heap Initial Capacity: 254M
 Heap Max Capacity: 4042M
 Pre-touch: Disabled
 Parallel Workers: 10
 Concurrent Workers: 3
 Concurrent Refinement Workers: 10
 Periodic GC: Disabled
Heap:
 garbage-first heap   total 49152K, used 13832K [0x0000000703600000, 0x0000000800000000)
  region size 2048K, 3 young (6144K), 2 survivors (4096K)
 Metaspace       used 26224K, committed 26624K, reserved 1114112K
  class space    used 2433K, committed 2624K, reserved 1048576K
GC Heap History (14 events):
Event: 0.279 GC heap before
{Heap before GC invocations=0 (full 0):
 garbage-first heap   total 260096K, used 20480K [0x0000000703600000, 0x0000000800000000)
  region size 2048K, 11 young (22528K), 0 survivors (0K)
 Metaspace       used 3850K, committed 4032K, reserved 1114112K
  class space    used 331K, committed 448K, reserved 1048576K
}
Event: 0.281 GC heap after
{Heap after GC invocations=1 (full 0):
 garbage-first heap   total 260096K, used 2474K [0x0000000703600000, 0x0000000800000000)
  region size 2048K, 2 young (4096K), 2 survivors (4096K)
 Metaspace       used 3850K, committed 4032K, reserved 1114112K
  class space    used 331K, committed 448K, reserved 1048576K
}
Event: 1.368 GC heap before
{Heap before GC invocations=1 (full 0):
 garbage-first heap   total 260096K, used 41386K [0x0000000703600000, 0x0000000800000000)
  region size 2048K, 21 young (43008K), 2 survivors (4096K)
 Metaspace       used 19674K, committed 19904K, reserved 1114112K
  class space    used 1838K, committed 1920K, reserved 1048576K
}
Event: 1.373 GC heap after
{Heap after GC invocations=2 (full 0):
 garbage-first heap   total 260096K, used 6393K [0x0000000703600000, 0x0000000800000000)
  region size 2048K, 3 young (6144K), 3 survivors (6144K)
 Metaspace       used 19674K, committed 19904K, reserved 1114112K
  class space    used 1838K, committed 1920K, reserved 1048576K
}
Event: 4.694 GC heap before
{Heap before GC invocations=2 (full 0):
 garbage-first heap   total 260096K, used 10489K [0x0000000703600000, 0x0000000800000000)
  region size 2048K, 6 young (12288K), 3 survivors (6144K)
 Metaspace       used 21282K, committed 21504K, reserved 1114112K
  class space    used 1886K, committed 1984K, reserved 1048576K
}
Event: 4.698 GC heap after
{Heap after GC invocations=3 (full 0):
 garbage-first heap   total 260096K, used 6704K [0x0000000703600000, 0x0000000800000000)
  region size 2048K, 4 young (8192K), 4 survivors (8192K)
 Metaspace       used 21282K, committed 21504K, reserved 1114112K
  class space    used 1886K, committed 1984K, reserved 1048576K
}
Event: 30.484 GC heap before
{Heap before GC invocations=4 (full 0):
 garbage-first heap   total 40960K, used 37424K [0x0000000703600000, 0x0000000800000000)
  region size 2048K, 19 young (38912K), 4 survivors (8192K)
 Metaspace       used 26215K, committed 26624K, reserved 1114112K
  class space    used 2433K, committed 2624K, reserved 1048576K
}
Event: 30.490 GC heap after
{Heap after GC invocations=5 (full 0):
 garbage-first heap   total 49152K, used 8297K [0x0000000703600000, 0x0000000800000000)
  region size 2048K, 4 young (8192K), 4 survivors (8192K)
 Metaspace       used 26215K, committed 26624K, reserved 1114112K
  class space    used 2433K, committed 2624K, reserved 1048576K
}
Event: 60.776 GC heap before
{Heap before GC invocations=5 (full 0):
 garbage-first heap   total 49152K, used 28777K [0x0000000703600000, 0x0000000800000000)
  region size 2048K, 14 young (28672K), 4 survivors (8192K)
 Metaspace       used 26217K, committed 26624K, reserved 1114112K
  class space    used 2433K, committed 2624K, reserved 1048576K
}
Event: 60.782 GC heap after
{Heap after GC invocations=6 (full 0):
 garbage-first heap   total 49152K, used 8689K [0x0000000703600000, 0x0000000800000000)
  region size 2048K, 2 young (4096K), 2 survivors (4096K)
 Metaspace       used 26217K, committed 26624K, reserved 1114112K
  class space    used 2433K, committed 2624K, reserved 1048576K
}
Event: 93.829 GC heap before
{Heap before GC invocations=6 (full 0):
 garbage-first heap   total 49152K, used 33265K [0x0000000703600000, 0x0000000800000000)
  region size 2048K, 14 young (28672K), 2 survivors (4096K)
 Metaspace       used 26220K, committed 26624K, reserved 1114112K
  class space    used 2433K, committed 2624K, reserved 1048576K
}
Event: 93.834 GC heap after
{Heap after GC invocations=7 (full 0):
 garbage-first heap   total 49152K, used 11374K [0x0000000703600000, 0x0000000800000000)
  region size 2048K, 2 young (4096K), 2 survivors (4096K)
 Metaspace       used 26220K, committed 26624K, reserved 1114112K
  class space    used 2433K, committed 2624K, reserved 1048576K
}
Event: 125.688 GC heap before
{Heap before GC invocations=7 (full 0):
 garbage-first heap   total 49152K, used 35950K [0x0000000703600000, 0x0000000800000000)
  region size 2048K, 14 young (28672K), 2 survivors (4096K)
 Metaspace       used 26221K, committed 26624K, reserved 1114112K
  class space    used 2433K, committed 2624K, reserved 1048576K
}
Event: 125.693 GC heap after
{Heap after GC invocations=8 (full 0):
 garbage-first heap   total 49152K, used 13832K [0x0000000703600000, 0x0000000800000000)
  region size 2048K, 2 young (4096K), 2 survivors (4096K)
 Metaspace       used 26221K, committed 26624K, reserved 1114112K
  class space    used 2433K, committed 2624K, reserved 1048576K
}

