# JRE version: OpenJDK Runtime Environment (21.0.1+12) (build 21.0.1+12-29)
# Java VM: OpenJDK 64-Bit Server VM (21.0.1+12-29, mixed mode, sharing, tiered, compressed oops, compressed class ptrs, g1 gc, windows-amd64)
GC Precious Log:
 CardTable entry size: 512
 Card Set container configuration: InlinePtr #cards 4 size 8 Array Of Cards #cards 16 size 48 Howl #buckets 8 coarsen threshold 3686 Howl Bitmap #cards 512 size 80 coarsen threshold 460 Card regions per heap region 1 cards per card region 4096
 CPUs: 12 total, 12 available
 Memory: 16163M
 Large Page Support: Disabled
 NUMA Support: Disabled
 Compressed Oops: Enabled (Zero based)
 Heap Region Size: 2M
 Heap Min Capacity: 8M
 Heap Initial Capacity: 254M
 Heap Max Capacity: 4042M
 Pre-touch: Disabled
 Parallel Workers: 10
 Concurrent Workers: 3
 Concurrent Refinement Workers: 10
 Periodic GC: Disabled
Heap:
 garbage-first heap   total 53248K, used 11782K [0x0000000703600000, 0x0000000800000000)
  region size 2048K, 7 young (14336K), 6 survivors (12288K)
 Metaspace       used 26190K, committed 26496K, reserved 1114112K
  class space    used 2437K, committed 2560K, reserved 1048576K
GC Heap History (8 events):
Event: 0.295 GC heap before
{Heap before GC invocations=0 (full 0):
 garbage-first heap   total 260096K, used 22528K [0x0000000703600000, 0x0000000800000000)
  region size 2048K, 11 young (22528K), 0 survivors (0K)
 Metaspace       used 3928K, committed 4096K, reserved 1114112K
  class space    used 336K, committed 448K, reserved 1048576K
}
Event: 0.297 GC heap after
{Heap after GC invocations=1 (full 0):
 garbage-first heap   total 260096K, used 2474K [0x0000000703600000, 0x0000000800000000)
  region size 2048K, 2 young (4096K), 2 survivors (4096K)
 Metaspace       used 3928K, committed 4096K, reserved 1114112K
  class space    used 336K, committed 448K, reserved 1048576K
}
Event: 1.453 GC heap before
{Heap before GC invocations=1 (full 0):
 garbage-first heap   total 260096K, used 39338K [0x0000000703600000, 0x0000000800000000)
  region size 2048K, 21 young (43008K), 2 survivors (4096K)
 Metaspace       used 19716K, committed 19904K, reserved 1114112K
  class space    used 1843K, committed 1920K, reserved 1048576K
}
Event: 1.458 GC heap after
{Heap after GC invocations=2 (full 0):
 garbage-first heap   total 260096K, used 6247K [0x0000000703600000, 0x0000000800000000)
  region size 2048K, 3 young (6144K), 3 survivors (6144K)
 Metaspace       used 19716K, committed 19904K, reserved 1114112K
  class space    used 1843K, committed 1920K, reserved 1048576K
}
Event: 1.573 GC heap before
{Heap before GC invocations=2 (full 0):
 garbage-first heap   total 260096K, used 8295K [0x0000000703600000, 0x0000000800000000)
  region size 2048K, 5 young (10240K), 3 survivors (6144K)
 Metaspace       used 21297K, committed 21504K, reserved 1114112K
  class space    used 1925K, committed 2048K, reserved 1048576K
}
Event: 1.576 GC heap after
{Heap after GC invocations=3 (full 0):
 garbage-first heap   total 260096K, used 6718K [0x0000000703600000, 0x0000000800000000)
  region size 2048K, 4 young (8192K), 4 survivors (8192K)
 Metaspace       used 21297K, committed 21504K, reserved 1114112K
  class space    used 1925K, committed 2048K, reserved 1048576K
}
Event: 11.556 GC heap before
{Heap before GC invocations=4 (full 0):
 garbage-first heap   total 40960K, used 37438K [0x0000000703600000, 0x0000000800000000)
  region size 2048K, 19 young (38912K), 4 survivors (8192K)
 Metaspace       used 26183K, committed 26496K, reserved 1114112K
  class space    used 2436K, committed 2560K, reserved 1048576K
}
Event: 11.562 GC heap after
{Heap after GC invocations=5 (full 0):
 garbage-first heap   total 53248K, used 11782K [0x0000000703600000, 0x0000000800000000)
  region size 2048K, 6 young (12288K), 6 survivors (12288K)
 Metaspace       used 26183K, committed 26496K, reserved 1114112K
  class space    used 2436K, committed 2560K, reserved 1048576K
}

