# JRE version: OpenJDK Runtime Environment (21.0.1+12) (build 21.0.1+12-29)
# Java VM: OpenJDK 64-Bit Server VM (21.0.1+12-29, mixed mode, sharing, tiered, compressed oops, compressed class ptrs, g1 gc, windows-amd64)
GC Precious Log:
 CardTable entry size: 512
 Card Set container configuration: InlinePtr #cards 4 size 8 Array Of Cards #cards 16 size 48 Howl #buckets 8 coarsen threshold 3686 Howl Bitmap #cards 512 size 80 coarsen threshold 460 Card regions per heap region 1 cards per card region 4096
 CPUs: 12 total, 12 available
 Memory: 16163M
 Large Page Support: Disabled
 NUMA Support: Disabled
 Compressed Oops: Enabled (Zero based)
 Heap Region Size: 2M
 Heap Min Capacity: 8M
 Heap Initial Capacity: 254M
 Heap Max Capacity: 4042M
 Pre-touch: Disabled
 Parallel Workers: 10
 Concurrent Workers: 3
 Concurrent Refinement Workers: 10
 Periodic GC: Disabled
Heap:
 garbage-first heap   total 51200K, used 31745K [0x0000000703600000, 0x0000000800000000)
  region size 2048K, 11 young (22528K), 2 survivors (4096K)
 Metaspace       used 22140K, committed 22400K, reserved 1114112K
  class space    used 1966K, committed 2112K, reserved 1048576K
GC Heap History (16 events):
Event: 0.323 GC heap before
{Heap before GC invocations=0 (full 0):
 garbage-first heap   total 260096K, used 20480K [0x0000000703600000, 0x0000000800000000)
  region size 2048K, 11 young (22528K), 0 survivors (0K)
 Metaspace       used 3882K, committed 4032K, reserved 1114112K
  class space    used 332K, committed 448K, reserved 1048576K
}
Event: 0.326 GC heap after
{Heap after GC invocations=1 (full 0):
 garbage-first heap   total 260096K, used 2581K [0x0000000703600000, 0x0000000800000000)
  region size 2048K, 2 young (4096K), 2 survivors (4096K)
 Metaspace       used 3882K, committed 4032K, reserved 1114112K
  class space    used 332K, committed 448K, reserved 1048576K
}
Event: 1.436 GC heap before
{Heap before GC invocations=1 (full 0):
 garbage-first heap   total 260096K, used 39445K [0x0000000703600000, 0x0000000800000000)
  region size 2048K, 21 young (43008K), 2 survivors (4096K)
 Metaspace       used 19693K, committed 19904K, reserved 1114112K
  class space    used 1841K, committed 1920K, reserved 1048576K
}
Event: 1.440 GC heap after
{Heap after GC invocations=2 (full 0):
 garbage-first heap   total 260096K, used 6298K [0x0000000703600000, 0x0000000800000000)
  region size 2048K, 3 young (6144K), 3 survivors (6144K)
 Metaspace       used 19693K, committed 19904K, reserved 1114112K
  class space    used 1841K, committed 1920K, reserved 1048576K
}
Event: 7.699 GC heap before
{Heap before GC invocations=2 (full 0):
 garbage-first heap   total 260096K, used 12442K [0x0000000703600000, 0x0000000800000000)
  region size 2048K, 7 young (14336K), 3 survivors (6144K)
 Metaspace       used 21339K, committed 21504K, reserved 1114112K
  class space    used 1890K, committed 1984K, reserved 1048576K
}
Event: 7.703 GC heap after
{Heap after GC invocations=3 (full 0):
 garbage-first heap   total 260096K, used 6760K [0x0000000703600000, 0x0000000800000000)
  region size 2048K, 4 young (8192K), 4 survivors (8192K)
 Metaspace       used 21339K, committed 21504K, reserved 1114112K
  class space    used 1890K, committed 1984K, reserved 1048576K
}
Event: 31.653 GC heap before
{Heap before GC invocations=4 (full 0):
 garbage-first heap   total 40960K, used 37480K [0x0000000703600000, 0x0000000800000000)
  region size 2048K, 19 young (38912K), 4 survivors (8192K)
 Metaspace       used 22056K, committed 22336K, reserved 1114112K
  class space    used 1953K, committed 2112K, reserved 1048576K
}
Event: 31.661 GC heap after
{Heap after GC invocations=5 (full 0):
 garbage-first heap   total 51200K, used 9972K [0x0000000703600000, 0x0000000800000000)
  region size 2048K, 5 young (10240K), 5 survivors (10240K)
 Metaspace       used 22056K, committed 22336K, reserved 1114112K
  class space    used 1953K, committed 2112K, reserved 1048576K
}
Event: 49.097 GC heap before
{Heap before GC invocations=5 (full 0):
 garbage-first heap   total 51200K, used 30452K [0x0000000703600000, 0x0000000800000000)
  region size 2048K, 15 young (30720K), 5 survivors (10240K)
 Metaspace       used 22056K, committed 22336K, reserved 1114112K
  class space    used 1953K, committed 2112K, reserved 1048576K
}
Event: 49.105 GC heap after
{Heap after GC invocations=6 (full 0):
 garbage-first heap   total 51200K, used 10767K [0x0000000703600000, 0x0000000800000000)
  region size 2048K, 2 young (4096K), 2 survivors (4096K)
 Metaspace       used 22056K, committed 22336K, reserved 1114112K
  class space    used 1953K, committed 2112K, reserved 1048576K
}
Event: 74.431 GC heap before
{Heap before GC invocations=6 (full 0):
 garbage-first heap   total 51200K, used 37391K [0x0000000703600000, 0x0000000800000000)
  region size 2048K, 15 young (30720K), 2 survivors (4096K)
 Metaspace       used 22056K, committed 22336K, reserved 1114112K
  class space    used 1953K, committed 2112K, reserved 1048576K
}
Event: 74.437 GC heap after
{Heap after GC invocations=7 (full 0):
 garbage-first heap   total 51200K, used 12227K [0x0000000703600000, 0x0000000800000000)
  region size 2048K, 2 young (4096K), 2 survivors (4096K)
 Metaspace       used 22056K, committed 22336K, reserved 1114112K
  class space    used 1953K, committed 2112K, reserved 1048576K
}
Event: 99.458 GC heap before
{Heap before GC invocations=7 (full 0):
 garbage-first heap   total 51200K, used 36803K [0x0000000703600000, 0x0000000800000000)
  region size 2048K, 15 young (30720K), 2 survivors (4096K)
 Metaspace       used 22056K, committed 22336K, reserved 1114112K
  class space    used 1953K, committed 2112K, reserved 1048576K
}
Event: 99.465 GC heap after
{Heap after GC invocations=8 (full 0):
 garbage-first heap   total 51200K, used 13659K [0x0000000703600000, 0x0000000800000000)
  region size 2048K, 2 young (4096K), 2 survivors (4096K)
 Metaspace       used 22056K, committed 22336K, reserved 1114112K
  class space    used 1953K, committed 2112K, reserved 1048576K
}
Event: 125.216 GC heap before
{Heap before GC invocations=8 (full 0):
 garbage-first heap   total 51200K, used 40283K [0x0000000703600000, 0x0000000800000000)
  region size 2048K, 15 young (30720K), 2 survivors (4096K)
 Metaspace       used 22057K, committed 22336K, reserved 1114112K
  class space    used 1953K, committed 2112K, reserved 1048576K
}
Event: 125.223 GC heap after
{Heap after GC invocations=9 (full 0):
 garbage-first heap   total 51200K, used 15361K [0x0000000703600000, 0x0000000800000000)
  region size 2048K, 2 young (4096K), 2 survivors (4096K)
 Metaspace       used 22057K, committed 22336K, reserved 1114112K
  class space    used 1953K, committed 2112K, reserved 1048576K
}

