# JRE version: OpenJDK Runtime Environment (21.0.1+12) (build 21.0.1+12-29)
# Java VM: OpenJDK 64-Bit Server VM (21.0.1+12-29, mixed mode, sharing, tiered, compressed oops, compressed class ptrs, g1 gc, windows-amd64)
GC Precious Log:
 CardTable entry size: 512
 Card Set container configuration: InlinePtr #cards 4 size 8 Array Of Cards #cards 16 size 48 Howl #buckets 8 coarsen threshold 3686 Howl Bitmap #cards 512 size 80 coarsen threshold 460 Card regions per heap region 1 cards per card region 4096
 CPUs: 12 total, 12 available
 Memory: 16163M
 Large Page Support: Disabled
 NUMA Support: Disabled
 Compressed Oops: Enabled (Zero based)
 Heap Region Size: 2M
 Heap Min Capacity: 8M
 Heap Initial Capacity: 254M
 Heap Max Capacity: 4042M
 Pre-touch: Disabled
 Parallel Workers: 10
 Concurrent Workers: 3
 Concurrent Refinement Workers: 10
 Periodic GC: Disabled
Heap:
 garbage-first heap   total 51200K, used 19445K [0x0000000703600000, 0x0000000800000000)
  region size 2048K, 8 young (16384K), 2 survivors (4096K)
 Metaspace       used 24819K, committed 25152K, reserved 1114112K
  class space    used 2259K, committed 2432K, reserved 1048576K
GC Heap History (10 events):
Event: 0.300 GC heap before
{Heap before GC invocations=0 (full 0):
 garbage-first heap   total 260096K, used 20480K [0x0000000703600000, 0x0000000800000000)
  region size 2048K, 11 young (22528K), 0 survivors (0K)
 Metaspace       used 3920K, committed 4096K, reserved 1114112K
  class space    used 337K, committed 448K, reserved 1048576K
}
Event: 0.303 GC heap after
{Heap after GC invocations=1 (full 0):
 garbage-first heap   total 260096K, used 2581K [0x0000000703600000, 0x0000000800000000)
  region size 2048K, 2 young (4096K), 2 survivors (4096K)
 Metaspace       used 3920K, committed 4096K, reserved 1114112K
  class space    used 337K, committed 448K, reserved 1048576K
}
Event: 1.591 GC heap before
{Heap before GC invocations=1 (full 0):
 garbage-first heap   total 260096K, used 39445K [0x0000000703600000, 0x0000000800000000)
  region size 2048K, 21 young (43008K), 2 survivors (4096K)
 Metaspace       used 19731K, committed 19968K, reserved 1114112K
  class space    used 1845K, committed 1920K, reserved 1048576K
}
Event: 1.596 GC heap after
{Heap after GC invocations=2 (full 0):
 garbage-first heap   total 260096K, used 6270K [0x0000000703600000, 0x0000000800000000)
  region size 2048K, 3 young (6144K), 3 survivors (6144K)
 Metaspace       used 19731K, committed 19968K, reserved 1114112K
  class space    used 1845K, committed 1920K, reserved 1048576K
}
Event: 1.698 GC heap before
{Heap before GC invocations=2 (full 0):
 garbage-first heap   total 260096K, used 8318K [0x0000000703600000, 0x0000000800000000)
  region size 2048K, 5 young (10240K), 3 survivors (6144K)
 Metaspace       used 21280K, committed 21504K, reserved 1114112K
  class space    used 1920K, committed 2048K, reserved 1048576K
}
Event: 1.702 GC heap after
{Heap after GC invocations=3 (full 0):
 garbage-first heap   total 260096K, used 6735K [0x0000000703600000, 0x0000000800000000)
  region size 2048K, 4 young (8192K), 4 survivors (8192K)
 Metaspace       used 21280K, committed 21504K, reserved 1114112K
  class space    used 1920K, committed 2048K, reserved 1048576K
}
Event: 48.049 GC heap before
{Heap before GC invocations=4 (full 0):
 garbage-first heap   total 40960K, used 37455K [0x0000000703600000, 0x0000000800000000)
  region size 2048K, 19 young (38912K), 4 survivors (8192K)
 Metaspace       used 24575K, committed 24896K, reserved 1114112K
  class space    used 2235K, committed 2432K, reserved 1048576K
}
Event: 48.056 GC heap after
{Heap after GC invocations=5 (full 0):
 garbage-first heap   total 51200K, used 9403K [0x0000000703600000, 0x0000000800000000)
  region size 2048K, 5 young (10240K), 5 survivors (10240K)
 Metaspace       used 24575K, committed 24896K, reserved 1114112K
  class space    used 2235K, committed 2432K, reserved 1048576K
}
Event: 85.263 GC heap before
{Heap before GC invocations=5 (full 0):
 garbage-first heap   total 51200K, used 29883K [0x0000000703600000, 0x0000000800000000)
  region size 2048K, 15 young (30720K), 5 survivors (10240K)
 Metaspace       used 24763K, committed 25152K, reserved 1114112K
  class space    used 2257K, committed 2432K, reserved 1048576K
}
Event: 85.270 GC heap after
{Heap after GC invocations=6 (full 0):
 garbage-first heap   total 51200K, used 9205K [0x0000000703600000, 0x0000000800000000)
  region size 2048K, 2 young (4096K), 2 survivors (4096K)
 Metaspace       used 24763K, committed 25152K, reserved 1114112K
  class space    used 2257K, committed 2432K, reserved 1048576K
}

